<?xml version="1.0" encoding="UTF-8"?>
<testsuite xmlns:xsi="http://www.w3.org/2001/XMLSchema-instance" xsi:noNamespaceSchemaLocation="https://maven.apache.org/surefire/maven-surefire-plugin/xsd/surefire-test-report.xsd" name="com.yupi.dreaifeapiclientsdk.DreaifeapiClientSdkApplicationTests" time="0.166" tests="1" errors="1" skipped="0" failures="0">
  <properties>
    <property name="sun.desktop" value="windows"/>
    <property name="awt.toolkit" value="sun.awt.windows.WToolkit"/>
    <property name="file.encoding.pkg" value="sun.io"/>
    <property name="java.specification.version" value="1.8"/>
    <property name="sun.cpu.isalist" value="amd64"/>
    <property name="sun.jnu.encoding" value="GBK"/>
    <property name="java.class.path" value="G:\ideaProject\dreaifeapi-backend\dreaifeapi-client-sdk\target\test-classes;G:\ideaProject\dreaifeapi-backend\dreaifeapi-client-sdk\target\classes;G:\packages\maven\repository\org\springframework\boot\spring-boot-starter\2.7.14\spring-boot-starter-2.7.14.jar;G:\packages\maven\repository\org\springframework\boot\spring-boot\2.7.14\spring-boot-2.7.14.jar;G:\packages\maven\repository\org\springframework\spring-context\5.3.29\spring-context-5.3.29.jar;G:\packages\maven\repository\org\springframework\spring-aop\5.3.29\spring-aop-5.3.29.jar;G:\packages\maven\repository\org\springframework\spring-beans\5.3.29\spring-beans-5.3.29.jar;G:\packages\maven\repository\org\springframework\spring-expression\5.3.29\spring-expression-5.3.29.jar;G:\packages\maven\repository\org\springframework\boot\spring-boot-autoconfigure\2.7.14\spring-boot-autoconfigure-2.7.14.jar;G:\packages\maven\repository\org\springframework\boot\spring-boot-starter-logging\2.7.14\spring-boot-starter-logging-2.7.14.jar;G:\packages\maven\repository\ch\qos\logback\logback-classic\1.2.12\logback-classic-1.2.12.jar;G:\packages\maven\repository\ch\qos\logback\logback-core\1.2.12\logback-core-1.2.12.jar;G:\packages\maven\repository\org\apache\logging\log4j\log4j-to-slf4j\2.17.2\log4j-to-slf4j-2.17.2.jar;G:\packages\maven\repository\org\apache\logging\log4j\log4j-api\2.17.2\log4j-api-2.17.2.jar;G:\packages\maven\repository\org\slf4j\jul-to-slf4j\1.7.36\jul-to-slf4j-1.7.36.jar;G:\packages\maven\repository\jakarta\annotation\jakarta.annotation-api\1.3.5\jakarta.annotation-api-1.3.5.jar;G:\packages\maven\repository\org\springframework\spring-core\5.3.29\spring-core-5.3.29.jar;G:\packages\maven\repository\org\springframework\spring-jcl\5.3.29\spring-jcl-5.3.29.jar;G:\packages\maven\repository\org\yaml\snakeyaml\1.30\snakeyaml-1.30.jar;G:\packages\maven\repository\org\springframework\boot\spring-boot-configuration-processor\2.7.14\spring-boot-configuration-processor-2.7.14.jar;G:\packages\maven\repository\org\projectlombok\lombok\1.18.28\lombok-1.18.28.jar;G:\packages\maven\repository\org\springframework\boot\spring-boot-starter-test\2.7.14\spring-boot-starter-test-2.7.14.jar;G:\packages\maven\repository\org\springframework\boot\spring-boot-test\2.7.14\spring-boot-test-2.7.14.jar;G:\packages\maven\repository\org\springframework\boot\spring-boot-test-autoconfigure\2.7.14\spring-boot-test-autoconfigure-2.7.14.jar;G:\packages\maven\repository\com\jayway\jsonpath\json-path\2.7.0\json-path-2.7.0.jar;G:\packages\maven\repository\net\minidev\json-smart\2.4.11\json-smart-2.4.11.jar;G:\packages\maven\repository\net\minidev\accessors-smart\2.4.11\accessors-smart-2.4.11.jar;G:\packages\maven\repository\org\ow2\asm\asm\9.3\asm-9.3.jar;G:\packages\maven\repository\org\slf4j\slf4j-api\1.7.36\slf4j-api-1.7.36.jar;G:\packages\maven\repository\jakarta\xml\bind\jakarta.xml.bind-api\2.3.3\jakarta.xml.bind-api-2.3.3.jar;G:\packages\maven\repository\jakarta\activation\jakarta.activation-api\1.2.2\jakarta.activation-api-1.2.2.jar;G:\packages\maven\repository\org\assertj\assertj-core\3.22.0\assertj-core-3.22.0.jar;G:\packages\maven\repository\org\hamcrest\hamcrest\2.2\hamcrest-2.2.jar;G:\packages\maven\repository\org\junit\jupiter\junit-jupiter\5.8.2\junit-jupiter-5.8.2.jar;G:\packages\maven\repository\org\junit\jupiter\junit-jupiter-api\5.8.2\junit-jupiter-api-5.8.2.jar;G:\packages\maven\repository\org\opentest4j\opentest4j\1.2.0\opentest4j-1.2.0.jar;G:\packages\maven\repository\org\junit\platform\junit-platform-commons\1.8.2\junit-platform-commons-1.8.2.jar;G:\packages\maven\repository\org\apiguardian\apiguardian-api\1.1.2\apiguardian-api-1.1.2.jar;G:\packages\maven\repository\org\junit\jupiter\junit-jupiter-params\5.8.2\junit-jupiter-params-5.8.2.jar;G:\packages\maven\repository\org\junit\jupiter\junit-jupiter-engine\5.8.2\junit-jupiter-engine-5.8.2.jar;G:\packages\maven\repository\org\junit\platform\junit-platform-engine\1.8.2\junit-platform-engine-1.8.2.jar;G:\packages\maven\repository\org\mockito\mockito-core\4.5.1\mockito-core-4.5.1.jar;G:\packages\maven\repository\net\bytebuddy\byte-buddy\1.12.23\byte-buddy-1.12.23.jar;G:\packages\maven\repository\net\bytebuddy\byte-buddy-agent\1.12.23\byte-buddy-agent-1.12.23.jar;G:\packages\maven\repository\org\objenesis\objenesis\3.2\objenesis-3.2.jar;G:\packages\maven\repository\org\mockito\mockito-junit-jupiter\4.5.1\mockito-junit-jupiter-4.5.1.jar;G:\packages\maven\repository\org\skyscreamer\jsonassert\1.5.1\jsonassert-1.5.1.jar;G:\packages\maven\repository\com\vaadin\external\google\android-json\0.0.20131108.vaadin1\android-json-0.0.20131108.vaadin1.jar;G:\packages\maven\repository\org\springframework\spring-test\5.3.29\spring-test-5.3.29.jar;G:\packages\maven\repository\org\xmlunit\xmlunit-core\2.9.1\xmlunit-core-2.9.1.jar;G:\packages\maven\repository\cn\hutool\hutool-all\5.8.16\hutool-all-5.8.16.jar;"/>
    <property name="java.vm.vendor" value="Amazon.com Inc."/>
    <property name="sun.arch.data.model" value="64"/>
    <property name="user.variant" value=""/>
    <property name="java.vendor.url" value="https://aws.amazon.com/corretto/"/>
    <property name="user.timezone" value="Asia/Shanghai"/>
    <property name="java.vm.specification.version" value="1.8"/>
    <property name="os.name" value="Windows 11"/>
    <property name="user.country" value="CN"/>
    <property name="sun.java.launcher" value="SUN_STANDARD"/>
    <property name="sun.boot.library.path" value="C:\Users\87726\.jdks\corretto-1.8.0_382\jre\bin"/>
    <property name="sun.java.command" value="C:\Users\87726\AppData\Local\Temp\surefire8798368999133846575\surefirebooter1232683437336016514.jar C:\Users\87726\AppData\Local\Temp\surefire8798368999133846575 2023-08-14T15-30-59_442-jvmRun1 surefire3633227421539237137tmp surefire_05325802101741245862tmp"/>
    <property name="surefire.test.class.path" value="G:\ideaProject\dreaifeapi-backend\dreaifeapi-client-sdk\target\test-classes;G:\ideaProject\dreaifeapi-backend\dreaifeapi-client-sdk\target\classes;G:\packages\maven\repository\org\springframework\boot\spring-boot-starter\2.7.14\spring-boot-starter-2.7.14.jar;G:\packages\maven\repository\org\springframework\boot\spring-boot\2.7.14\spring-boot-2.7.14.jar;G:\packages\maven\repository\org\springframework\spring-context\5.3.29\spring-context-5.3.29.jar;G:\packages\maven\repository\org\springframework\spring-aop\5.3.29\spring-aop-5.3.29.jar;G:\packages\maven\repository\org\springframework\spring-beans\5.3.29\spring-beans-5.3.29.jar;G:\packages\maven\repository\org\springframework\spring-expression\5.3.29\spring-expression-5.3.29.jar;G:\packages\maven\repository\org\springframework\boot\spring-boot-autoconfigure\2.7.14\spring-boot-autoconfigure-2.7.14.jar;G:\packages\maven\repository\org\springframework\boot\spring-boot-starter-logging\2.7.14\spring-boot-starter-logging-2.7.14.jar;G:\packages\maven\repository\ch\qos\logback\logback-classic\1.2.12\logback-classic-1.2.12.jar;G:\packages\maven\repository\ch\qos\logback\logback-core\1.2.12\logback-core-1.2.12.jar;G:\packages\maven\repository\org\apache\logging\log4j\log4j-to-slf4j\2.17.2\log4j-to-slf4j-2.17.2.jar;G:\packages\maven\repository\org\apache\logging\log4j\log4j-api\2.17.2\log4j-api-2.17.2.jar;G:\packages\maven\repository\org\slf4j\jul-to-slf4j\1.7.36\jul-to-slf4j-1.7.36.jar;G:\packages\maven\repository\jakarta\annotation\jakarta.annotation-api\1.3.5\jakarta.annotation-api-1.3.5.jar;G:\packages\maven\repository\org\springframework\spring-core\5.3.29\spring-core-5.3.29.jar;G:\packages\maven\repository\org\springframework\spring-jcl\5.3.29\spring-jcl-5.3.29.jar;G:\packages\maven\repository\org\yaml\snakeyaml\1.30\snakeyaml-1.30.jar;G:\packages\maven\repository\org\springframework\boot\spring-boot-configuration-processor\2.7.14\spring-boot-configuration-processor-2.7.14.jar;G:\packages\maven\repository\org\projectlombok\lombok\1.18.28\lombok-1.18.28.jar;G:\packages\maven\repository\org\springframework\boot\spring-boot-starter-test\2.7.14\spring-boot-starter-test-2.7.14.jar;G:\packages\maven\repository\org\springframework\boot\spring-boot-test\2.7.14\spring-boot-test-2.7.14.jar;G:\packages\maven\repository\org\springframework\boot\spring-boot-test-autoconfigure\2.7.14\spring-boot-test-autoconfigure-2.7.14.jar;G:\packages\maven\repository\com\jayway\jsonpath\json-path\2.7.0\json-path-2.7.0.jar;G:\packages\maven\repository\net\minidev\json-smart\2.4.11\json-smart-2.4.11.jar;G:\packages\maven\repository\net\minidev\accessors-smart\2.4.11\accessors-smart-2.4.11.jar;G:\packages\maven\repository\org\ow2\asm\asm\9.3\asm-9.3.jar;G:\packages\maven\repository\org\slf4j\slf4j-api\1.7.36\slf4j-api-1.7.36.jar;G:\packages\maven\repository\jakarta\xml\bind\jakarta.xml.bind-api\2.3.3\jakarta.xml.bind-api-2.3.3.jar;G:\packages\maven\repository\jakarta\activation\jakarta.activation-api\1.2.2\jakarta.activation-api-1.2.2.jar;G:\packages\maven\repository\org\assertj\assertj-core\3.22.0\assertj-core-3.22.0.jar;G:\packages\maven\repository\org\hamcrest\hamcrest\2.2\hamcrest-2.2.jar;G:\packages\maven\repository\org\junit\jupiter\junit-jupiter\5.8.2\junit-jupiter-5.8.2.jar;G:\packages\maven\repository\org\junit\jupiter\junit-jupiter-api\5.8.2\junit-jupiter-api-5.8.2.jar;G:\packages\maven\repository\org\opentest4j\opentest4j\1.2.0\opentest4j-1.2.0.jar;G:\packages\maven\repository\org\junit\platform\junit-platform-commons\1.8.2\junit-platform-commons-1.8.2.jar;G:\packages\maven\repository\org\apiguardian\apiguardian-api\1.1.2\apiguardian-api-1.1.2.jar;G:\packages\maven\repository\org\junit\jupiter\junit-jupiter-params\5.8.2\junit-jupiter-params-5.8.2.jar;G:\packages\maven\repository\org\junit\jupiter\junit-jupiter-engine\5.8.2\junit-jupiter-engine-5.8.2.jar;G:\packages\maven\repository\org\junit\platform\junit-platform-engine\1.8.2\junit-platform-engine-1.8.2.jar;G:\packages\maven\repository\org\mockito\mockito-core\4.5.1\mockito-core-4.5.1.jar;G:\packages\maven\repository\net\bytebuddy\byte-buddy\1.12.23\byte-buddy-1.12.23.jar;G:\packages\maven\repository\net\bytebuddy\byte-buddy-agent\1.12.23\byte-buddy-agent-1.12.23.jar;G:\packages\maven\repository\org\objenesis\objenesis\3.2\objenesis-3.2.jar;G:\packages\maven\repository\org\mockito\mockito-junit-jupiter\4.5.1\mockito-junit-jupiter-4.5.1.jar;G:\packages\maven\repository\org\skyscreamer\jsonassert\1.5.1\jsonassert-1.5.1.jar;G:\packages\maven\repository\com\vaadin\external\google\android-json\0.0.20131108.vaadin1\android-json-0.0.20131108.vaadin1.jar;G:\packages\maven\repository\org\springframework\spring-test\5.3.29\spring-test-5.3.29.jar;G:\packages\maven\repository\org\xmlunit\xmlunit-core\2.9.1\xmlunit-core-2.9.1.jar;G:\packages\maven\repository\cn\hutool\hutool-all\5.8.16\hutool-all-5.8.16.jar;"/>
    <property name="sun.cpu.endian" value="little"/>
    <property name="user.home" value="C:\Users\87726"/>
    <property name="user.language" value="zh"/>
    <property name="java.specification.vendor" value="Oracle Corporation"/>
    <property name="java.home" value="C:\Users\87726\.jdks\corretto-1.8.0_382\jre"/>
    <property name="basedir" value="G:\ideaProject\dreaifeapi-backend\dreaifeapi-client-sdk"/>
    <property name="file.separator" value="\"/>
    <property name="line.separator" value="&#10;"/>
    <property name="java.vm.specification.vendor" value="Oracle Corporation"/>
    <property name="java.specification.name" value="Java Platform API Specification"/>
    <property name="java.awt.graphicsenv" value="sun.awt.Win32GraphicsEnvironment"/>
    <property name="surefire.real.class.path" value="C:\Users\87726\AppData\Local\Temp\surefire8798368999133846575\surefirebooter1232683437336016514.jar"/>
    <property name="sun.boot.class.path" value="C:\Users\87726\.jdks\corretto-1.8.0_382\jre\lib\resources.jar;C:\Users\87726\.jdks\corretto-1.8.0_382\jre\lib\rt.jar;C:\Users\87726\.jdks\corretto-1.8.0_382\jre\lib\sunrsasign.jar;C:\Users\87726\.jdks\corretto-1.8.0_382\jre\lib\jsse.jar;C:\Users\87726\.jdks\corretto-1.8.0_382\jre\lib\jce.jar;C:\Users\87726\.jdks\corretto-1.8.0_382\jre\lib\charsets.jar;C:\Users\87726\.jdks\corretto-1.8.0_382\jre\lib\jfr.jar;C:\Users\87726\.jdks\corretto-1.8.0_382\jre\classes"/>
    <property name="user.script" value=""/>
    <property name="sun.management.compiler" value="HotSpot 64-Bit Tiered Compilers"/>
    <property name="java.runtime.version" value="1.8.0_382-b05"/>
    <property name="user.name" value="87726"/>
    <property name="path.separator" value=";"/>
    <property name="os.version" value="10.0"/>
    <property name="java.endorsed.dirs" value="C:\Users\87726\.jdks\corretto-1.8.0_382\jre\lib\endorsed"/>
    <property name="java.runtime.name" value="OpenJDK Runtime Environment"/>
    <property name="file.encoding" value="GBK"/>
    <property name="java.vm.name" value="OpenJDK 64-Bit Server VM"/>
    <property name="localRepository" value="G:\packages\maven\repository"/>
    <property name="java.vendor.url.bug" value="https://github.com/corretto/corretto-8/issues/"/>
    <property name="java.io.tmpdir" value="C:\Users\87726\AppData\Local\Temp\"/>
    <property name="idea.version" value="2023.2"/>
    <property name="java.version" value="1.8.0_382"/>
    <property name="user.dir" value="G:\ideaProject\dreaifeapi-backend\dreaifeapi-client-sdk"/>
    <property name="os.arch" value="amd64"/>
    <property name="java.vm.specification.name" value="Java Virtual Machine Specification"/>
    <property name="java.awt.printerjob" value="sun.awt.windows.WPrinterJob"/>
    <property name="sun.os.patch.level" value=""/>
    <property name="java.library.path" value="C:\Users\87726\.jdks\corretto-1.8.0_382\jre\bin;C:\WINDOWS\Sun\Java\bin;C:\WINDOWS\system32;C:\WINDOWS;C:\Program Files (x86)\Common Files\Oracle\Java\javapath;C:\Python311\Scripts\;C:\Python311\;C:\Program Files (x86)\VMware\VMware Workstation\bin\;C:\Windows\system32;C:\Windows;C:\Windows\System32\Wbem;C:\Windows\System32\WindowsPowerShell\v1.0\;C:\Windows\System32\OpenSSH\;C:\Program Files (x86)\NVIDIA Corporation\PhysX\Common;C:\Program Files\dotnet\;C:\ProgramData\chocolatey\bin;D:\MinGW\mingw64\bin;C:\Program Files\Git\cmd;C:\Program Files (x86)\NetSarang\Xftp 7\;C:\Program Files (x86)\NetSarang\Xshell 7\;C:\apache-maven-3.9.3\bin;C:\Program Files\nodejs\;C:\Program Files\PowerShell\7\;C:\WINDOWS\system32;C:\WINDOWS;C:\WINDOWS\System32\Wbem;C:\WINDOWS\System32\WindowsPowerShell\v1.0\;C:\WINDOWS\System32\OpenSSH\;C:\Program Files\Docker\Docker\resources\bin;C:\Program Files\Go\bin;;C:\Program Files\NVIDIA Corporation\NVIDIA NvDLISR;C:\Program Files\MySQL\MySQL Shell 8.0\bin\;C:\Users\87726\AppData\Local\Microsoft\WindowsApps;C:\Users\87726\AppData\Local\Programs\Microsoft VS Code\bin;C:\Program Files\JetBrains\IntelliJ IDEA 2023.1.1\bin;;C:\Program Files\JetBrains\PyCharm 2023.1.2\bin;;C:\Users\87726\AppData\Roaming\npm;C:\Users\87726\go\bin;C:\Program Files\JetBrains\GoLand 2023.1.4\bin;;C:\Program Files\Erlang OTP\bin;C:\Program Files\JetBrains\WebStorm 2023.2\bin;;C:\Program Files\Java\jdk-1.8bin;;."/>
    <property name="java.vm.info" value="mixed mode"/>
    <property name="java.vendor" value="Amazon.com Inc."/>
    <property name="java.vm.version" value="25.382-b05"/>
    <property name="java.specification.maintenance.version" value="5"/>
    <property name="java.ext.dirs" value="C:\Users\87726\.jdks\corretto-1.8.0_382\jre\lib\ext;C:\WINDOWS\Sun\Java\lib\ext"/>
    <property name="sun.io.unicode.encoding" value="UnicodeLittle"/>
    <property name="java.class.version" value="52.0"/>
  </properties>
  <testcase name="com.yupi.dreaifeapiclientsdk.DreaifeapiClientSdkApplicationTests" classname="com.yupi.dreaifeapiclientsdk.DreaifeapiClientSdkApplicationTests" time="0.166">
    <error message="Unable to find a @SpringBootConfiguration, you need to use @ContextConfiguration or @SpringBootTest(classes=...) with your test" type="java.lang.IllegalStateException">java.lang.IllegalStateException: Unable to find a @SpringBootConfiguration, you need to use @ContextConfiguration or @SpringBootTest(classes=...) with your test
</error>
    <system-out><![CDATA[15:31:04.400 [main] DEBUG org.springframework.test.context.BootstrapUtils - Instantiating CacheAwareContextLoaderDelegate from class [org.springframework.test.context.cache.DefaultCacheAwareContextLoaderDelegate]
15:31:04.407 [main] DEBUG org.springframework.test.context.BootstrapUtils - Instantiating BootstrapContext using constructor [public org.springframework.test.context.support.DefaultBootstrapContext(java.lang.Class,org.springframework.test.context.CacheAwareContextLoaderDelegate)]
15:31:04.431 [main] DEBUG org.springframework.test.context.BootstrapUtils - Instantiating TestContextBootstrapper for test class [com.yupi.dreaifeapiclientsdk.DreaifeapiClientSdkApplicationTests] from class [org.springframework.boot.test.context.SpringBootTestContextBootstrapper]
15:31:04.439 [main] INFO org.springframework.boot.test.context.SpringBootTestContextBootstrapper - Neither @ContextConfiguration nor @ContextHierarchy found for test class [com.yupi.dreaifeapiclientsdk.DreaifeapiClientSdkApplicationTests], using SpringBootContextLoader
15:31:04.442 [main] DEBUG org.springframework.test.context.support.AbstractContextLoader - Did not detect default resource location for test class [com.yupi.dreaifeapiclientsdk.DreaifeapiClientSdkApplicationTests]: class path resource [com/yupi/dreaifeapiclientsdk/DreaifeapiClientSdkApplicationTests-context.xml] does not exist
15:31:04.443 [main] DEBUG org.springframework.test.context.support.AbstractContextLoader - Did not detect default resource location for test class [com.yupi.dreaifeapiclientsdk.DreaifeapiClientSdkApplicationTests]: class path resource [com/yupi/dreaifeapiclientsdk/DreaifeapiClientSdkApplicationTestsContext.groovy] does not exist
15:31:04.443 [main] INFO org.springframework.test.context.support.AbstractContextLoader - Could not detect default resource locations for test class [com.yupi.dreaifeapiclientsdk.DreaifeapiClientSdkApplicationTests]: no resource found for suffixes {-context.xml, Context.groovy}.
15:31:04.443 [main] INFO org.springframework.test.context.support.AnnotationConfigContextLoaderUtils - Could not detect default configuration classes for test class [com.yupi.dreaifeapiclientsdk.DreaifeapiClientSdkApplicationTests]: DreaifeapiClientSdkApplicationTests does not declare any static, non-private, non-final, nested classes annotated with @Configuration.
15:31:04.468 [main] DEBUG org.springframework.test.context.support.ActiveProfilesUtils - Could not find an 'annotation declaring class' for annotation type [org.springframework.test.context.ActiveProfiles] and class [com.yupi.dreaifeapiclientsdk.DreaifeapiClientSdkApplicationTests]
]]></system-out>
  </testcase>
</testsuite>